<?xml version="1.0" encoding="UTF-8"?>
<!-- Generated by org.testng.reporters.JUnitReportReporter -->
<testsuite skipped="0" hostname="LAPTOP-096J0ECK" name="com.runner.AmazonLogInRunner" tests="1" failures="0" timestamp="16 Mar 2019 02:14:22 GMT" time="21.873" errors="0">
  <testcase name="feature" time="21.873" classname="com.runner.AmazonLogInRunner"/>
</testsuite> <!-- com.runner.AmazonLogInRunner -->
